TN:
SF:app/exception/url-already-exists-error.ts
FN:2,(anonymous_0)
FNF:1
FNH:1
FNDA:1,(anonymous_0)
DA:1,1
DA:3,1
DA:4,1
LF:3
LH:3
BRF:0
BRH:0
end_of_record
TN:
SF:app/exception/user-already-exists-error.ts
FN:2,(anonymous_0)
FNF:1
FNH:1
FNDA:1,(anonymous_0)
DA:1,1
DA:3,1
DA:4,1
LF:3
LH:3
BRF:0
BRH:0
end_of_record
TN:
SF:app/services/analytics-service.ts
FN:9,(anonymous_1)
FN:13,(anonymous_2)
FN:17,(anonymous_3)
FNF:3
FNH:3
FNDA:1,(anonymous_1)
FNDA:1,(anonymous_2)
FNDA:1,(anonymous_3)
DA:1,1
DA:6,1
DA:10,1
DA:13,1
DA:14,1
DA:17,1
DA:18,1
LF:7
LH:7
BRF:0
BRH:0
end_of_record
TN:
SF:app/services/auth-service.ts
FN:4,(anonymous_1)
FN:7,(anonymous_2)
FN:11,(anonymous_3)
FN:15,(anonymous_4)
FN:22,(anonymous_5)
FN:29,(anonymous_6)
FNF:6
FNH:6
FNDA:1,(anonymous_1)
FNDA:2,(anonymous_2)
FNDA:1,(anonymous_3)
FNDA:3,(anonymous_4)
FNDA:2,(anonymous_5)
FNDA:1,(anonymous_6)
DA:1,1
DA:3,1
DA:7,1
DA:8,2
DA:11,1
DA:12,1
DA:15,1
DA:16,3
DA:17,1
DA:19,2
DA:22,1
DA:23,2
DA:24,1
DA:26,1
DA:29,1
DA:30,1
LF:16
LH:16
BRDA:16,0,0,1
BRDA:16,0,1,2
BRDA:23,1,0,1
BRDA:23,1,1,1
BRF:4
BRH:4
end_of_record
TN:
SF:app/services/url-service.ts
FN:9,(anonymous_1)
FN:13,(anonymous_2)
FN:17,(anonymous_3)
FN:26,(anonymous_4)
FN:30,(anonymous_5)
FN:34,(anonymous_6)
FNF:6
FNH:5
FNDA:1,(anonymous_1)
FNDA:2,(anonymous_2)
FNDA:3,(anonymous_3)
FNDA:1,(anonymous_4)
FNDA:0,(anonymous_5)
FNDA:1,(anonymous_6)
DA:1,1
DA:4,1
DA:6,1
DA:10,1
DA:13,1
DA:14,2
DA:17,1
DA:18,3
DA:19,3
DA:20,3
DA:21,1
DA:23,2
DA:26,1
DA:27,1
DA:30,1
DA:31,0
DA:34,1
DA:35,1
DA:36,1
DA:37,1
DA:38,8
DA:39,1
LF:22
LH:21
BRDA:18,0,0,3
BRDA:18,0,1,1
BRDA:20,1,0,1
BRDA:20,1,1,2
BRDA:34,2,0,1
BRF:5
BRH:5
end_of_record
TN:
SF:app/services/user-service.ts
FN:8,(anonymous_1)
FN:12,(anonymous_2)
FNF:2
FNH:2
FNDA:1,(anonymous_1)
FNDA:2,(anonymous_2)
DA:1,1
DA:3,1
DA:5,1
DA:9,1
DA:12,1
DA:13,2
DA:14,2
DA:15,1
DA:17,1
DA:18,1
LF:10
LH:10
BRDA:14,0,0,1
BRDA:14,0,1,1
BRF:2
BRH:2
end_of_record
TN:
SF:test/mocks.ts
FNF:0
FNH:0
DA:5,4
DA:12,4
DA:13,4
DA:14,4
DA:15,4
DA:16,4
DA:17,4
DA:22,4
DA:23,4
DA:24,4
DA:25,4
DA:26,4
DA:34,4
DA:35,4
DA:36,4
DA:41,4
DA:46,4
DA:52,4
DA:60,4
DA:61,4
DA:62,4
LF:21
LH:21
BRF:0
BRH:0
end_of_record
